--- Summary Graph ---
0 96.86491379310344
1 99.91241379310345
2 79.91775112443779
3 40.71196776611694
4 73.54132871064463
5 40.90788793103454
6 19.612481259370288
7 61.429537106446716
8 85.15503420164919
9 99.86792869190401
10 93.84467906671668
11 76.93555893928041
12 63.15434548350818
13 39.61256793478264
14 15.827258714392784
15 3.5118698463268463
16 30.97364505247377
17 4.292848575712136
18 3.0000070277361313
19 26.889248969265296
20 55.4871167541231
21 45.18700805847069
22 37.77642335082452
23 31.89428879310353
24 29.256532514992458
25 23.44458067841076
26 23.72464533358317
27 19.29728682533739
28 18.502919790104908
29 13.891293103448255
30 13.405324212893593
31 12.531956521739119
32 11.225845202398789
33 13.393901799100497
34 8.935949212893544
35 8.013458583208385
36 7.878176536731665
37 5.895627811094438
38 5.382238568215887
39 5.457238568215886
40 7.908614598950548
41 6.077147207646187
42 6.067197338830553
43 6.617202023988032
44 6.22725449775113
45 4.503231821589182
46 5.470523800599716
47 5.833684407796109
48 2.7877918853073314
49 2.95994143553226
50 3.850931409295319
51 1.4859098575712208
52 1.1197573088455797
53 1.220729947526227
54 3.9985438530734685
55 0.6772413793103459
56 0.8966979010494714
57 0.6009370314842583
58 0.6070783358320847
59 0.5958283358320796
60 5.0381559220389835
61 13.672128935532255
62 10.679171664167866
63 35.4029272863569
64 52.177577305097586
65 42.765537387555966
66 36.32947432533744
67 29.593046289355403
68 27.951276236881395
69 24.001039167916144
70 24.407080209895142
71 19.484093890554565
72 18.62861975262374
73 13.281790667166456
74 12.826043853073408
75 12.46118628185911
76 12.22442606821593
77 11.979341735382238
78 8.949772301349354
79 11.335118065966961
80 6.256090236131966
81 6.2020141491754295
82 7.317337425037438
83 4.83809079835089
84 5.0399775112443
85 4.957302286356844
86 5.1489898800599825
87 7.519553035982039
88 6.729697807346334
89 3.8002094265367417
90 3.8810818028485112
91 3.072213736881571
92 4.973611319340341
93 2.5049550224887773
94 2.813156390554709
95 1.6507041791604238
96 2.4197863568215525
97 1.938781859070485
98 1.1248716266866599
99 1.183784670164921
100 3.843609913793101
101 1.1542311656671542
102 1.2100848013493288
103 0.8231273425787176
104 4.459822901049488
105 11.822306034482766
106 3.3359665479759935
107 13.561540948275155
108 21.588459520240463
109 4.295410419790115
110 4.300627811094463
111 2.34567841079459
112 0.537626030734634
113 0.537626030734624
114 0.537626030734634
115 0.5322455959520253
